TN:
SF:src/router.ts
FN:23,(anonymous_0)
FN:35,(anonymous_1)
FNF:2
FNH:2
FNDA:4,(anonymous_0)
FNDA:5,(anonymous_1)
DA:1,2
DA:2,2
DA:3,2
DA:4,2
DA:6,2
DA:9,2
DA:10,2
DA:16,2
DA:23,4
DA:28,2
DA:35,5
DA:42,2
DA:48,2
DA:54,2
LF:14
LH:14
BRF:0
BRH:0
end_of_record
TN:
SF:src/server.ts
FN:7,(anonymous_1)
FN:22,(anonymous_2)
FNF:2
FNH:2
FNDA:3,(anonymous_1)
FNDA:1,(anonymous_2)
DA:1,2
DA:2,2
DA:3,2
DA:4,2
DA:7,2
DA:8,3
DA:9,3
DA:10,2
DA:14,1
DA:17,2
DA:19,2
DA:20,2
DA:21,2
DA:22,2
DA:23,1
DA:26,2
LF:16
LH:16
BRF:0
BRH:0
end_of_record
TN:
SF:src/config/db.ts
FNF:0
FNH:0
DA:1,2
DA:2,2
DA:3,2
DA:5,2
DA:12,2
LF:5
LH:5
BRF:0
BRH:0
end_of_record
TN:
SF:src/handlers/products.ts
FN:4,(anonymous_1)
FN:13,(anonymous_2)
FN:26,(anonymous_3)
FN:31,(anonymous_4)
FN:47,(anonymous_5)
FN:63,(anonymous_6)
FNF:6
FNH:6
FNDA:2,(anonymous_1)
FNDA:2,(anonymous_2)
FNDA:1,(anonymous_3)
FNDA:2,(anonymous_4)
FNDA:2,(anonymous_5)
FNDA:2,(anonymous_6)
DA:2,2
DA:4,2
DA:5,2
DA:10,2
DA:13,2
DA:14,2
DA:15,2
DA:17,2
DA:18,1
DA:23,1
DA:26,2
DA:27,1
DA:28,1
DA:31,2
DA:32,2
DA:33,2
DA:35,2
DA:36,1
DA:42,1
DA:43,1
DA:44,1
DA:47,2
DA:48,2
DA:49,2
DA:51,2
DA:52,1
DA:58,1
DA:59,1
DA:60,1
DA:63,2
DA:64,2
DA:65,2
DA:67,2
DA:68,1
DA:73,1
DA:74,1
LF:36
LH:36
BRDA:17,0,0,1
BRDA:35,1,0,1
BRDA:51,2,0,1
BRDA:67,3,0,1
BRF:4
BRH:4
end_of_record
TN:
SF:src/middleware/index.ts
FN:3,(anonymous_0)
FNF:1
FNH:1
FNDA:17,(anonymous_0)
DA:2,2
DA:3,2
DA:4,17
DA:5,17
DA:6,8
DA:8,9
LF:6
LH:6
BRDA:5,0,0,8
BRF:1
BRH:1
end_of_record
TN:
SF:src/models/Product.model.ts
FNF:0
FNH:0
DA:1,3
DA:7,3
DA:11,3
DA:16,3
DA:23,3
DA:27,3
LF:6
LH:6
BRF:0
BRH:0
end_of_record
